[0m11:49:50.563773 [debug] [MainThread]: Sending event: {'category': 'dbt', 'action': 'invocation', 'label': 'start', 'context': [<snowplow_tracker.self_describing_json.SelfDescribingJson object at 0x7f1718034440>, <snowplow_tracker.self_describing_json.SelfDescribingJson object at 0x7f171844ce60>, <snowplow_tracker.self_describing_json.SelfDescribingJson object at 0x7f1718034740>]}


============================== 11:49:50.568273 | 20e392f5-0d7c-4a9e-b284-c84f2c098859 ==============================
[0m11:49:50.568273 [info ] [MainThread]: Running with dbt=1.7.19
[0m11:49:50.569469 [debug] [MainThread]: running dbt with arguments {'printer_width': '80', 'indirect_selection': 'eager', 'log_cache_events': 'False', 'write_json': 'True', 'partial_parse': 'True', 'cache_selected_only': 'False', 'profiles_dir': '/home/emmanuel/.dbt', 'version_check': 'True', 'warn_error': 'None', 'log_path': 'logs', 'debug': 'False', 'fail_fast': 'False', 'use_colors': 'True', 'use_experimental_parser': 'False', 'no_print': 'None', 'quiet': 'False', 'log_format': 'default', 'invocation_command': 'dbt init', 'warn_error_options': 'WarnErrorOptions(include=[], exclude=[])', 'introspect': 'True', 'target_path': 'None', 'static_parser': 'True', 'send_anonymous_usage_stats': 'True'}
[0m11:50:14.494507 [debug] [MainThread]: Starter project path: /home/data_engineering/lib/python3.12/site-packages/dbt/include/starter_project
[0m11:50:14.503621 [info ] [MainThread]: 
Your new dbt project "intro" was created!

For more information on how to configure the profiles.yml file,
please consult the dbt documentation here:

  https://docs.getdbt.com/docs/configure-your-profile

One more thing:

Need help? Don't hesitate to reach out to us via GitHub issues or on Slack:

  https://community.getdbt.com/

Happy modeling!

[0m11:50:14.509613 [info ] [MainThread]: Setting up your profile.
[0m11:50:28.778816 [debug] [MainThread]: Resource report: {"command_name": "init", "command_success": true, "command_wall_clock_time": 38.349987, "process_user_time": 4.423585, "process_kernel_time": 0.180964, "process_mem_max_rss": "108268", "process_in_blocks": "3264", "process_out_blocks": "80"}
[0m11:50:28.779774 [debug] [MainThread]: Command `dbt init` succeeded at 11:50:28.779420 after 38.35 seconds
[0m11:50:28.780496 [debug] [MainThread]: Sending event: {'category': 'dbt', 'action': 'invocation', 'label': 'end', 'context': [<snowplow_tracker.self_describing_json.SelfDescribingJson object at 0x7f171844ce60>, <snowplow_tracker.self_describing_json.SelfDescribingJson object at 0x7f1717d2eba0>, <snowplow_tracker.self_describing_json.SelfDescribingJson object at 0x7f17182b8290>]}
[0m11:50:28.781243 [debug] [MainThread]: Flushing usage events
[0m10:54:00.441529 [debug] [MainThread]: Sending event: {'category': 'dbt', 'action': 'invocation', 'label': 'start', 'context': [<snowplow_tracker.self_describing_json.SelfDescribingJson object at 0x7f5bd7674bf0>, <snowplow_tracker.self_describing_json.SelfDescribingJson object at 0x7f5bd68f5850>, <snowplow_tracker.self_describing_json.SelfDescribingJson object at 0x7f5bd6570050>]}


============================== 10:54:00.447208 | 3a3dc908-35bb-4e33-a725-3cc1edd2fe70 ==============================
[0m10:54:00.447208 [info ] [MainThread]: Running with dbt=1.7.19
[0m10:54:00.449065 [debug] [MainThread]: running dbt with arguments {'printer_width': '80', 'indirect_selection': 'eager', 'write_json': 'True', 'log_cache_events': 'False', 'partial_parse': 'True', 'cache_selected_only': 'False', 'warn_error': 'None', 'version_check': 'True', 'fail_fast': 'False', 'log_path': 'logs', 'debug': 'False', 'profiles_dir': '/home/emmanuel/.dbt', 'use_colors': 'True', 'use_experimental_parser': 'False', 'no_print': 'None', 'quiet': 'False', 'warn_error_options': 'WarnErrorOptions(include=[], exclude=[])', 'invocation_command': 'dbt init', 'static_parser': 'True', 'introspect': 'True', 'target_path': 'None', 'log_format': 'default', 'send_anonymous_usage_stats': 'True'}
[0m10:54:11.495568 [debug] [MainThread]: Starter project path: /home/data_engineering/lib/python3.12/site-packages/dbt/include/starter_project
[0m10:54:11.530394 [info ] [MainThread]: 
Your new dbt project "learning_dbt" was created!

For more information on how to configure the profiles.yml file,
please consult the dbt documentation here:

  https://docs.getdbt.com/docs/configure-your-profile

One more thing:

Need help? Don't hesitate to reach out to us via GitHub issues or on Slack:

  https://community.getdbt.com/

Happy modeling!

[0m10:54:11.531628 [info ] [MainThread]: Setting up your profile.
[0m10:54:15.227705 [debug] [MainThread]: Resource report: {"command_name": "init", "command_success": true, "command_wall_clock_time": 14.96945, "process_user_time": 7.453881, "process_kernel_time": 0.731362, "process_mem_max_rss": "107824", "process_out_blocks": "80", "process_in_blocks": "0"}
[0m10:54:15.228667 [debug] [MainThread]: Command `dbt init` succeeded at 10:54:15.228316 after 14.97 seconds
[0m10:54:15.229877 [debug] [MainThread]: Sending event: {'category': 'dbt', 'action': 'invocation', 'label': 'end', 'context': [<snowplow_tracker.self_describing_json.SelfDescribingJson object at 0x7f5bd7674bf0>, <snowplow_tracker.self_describing_json.SelfDescribingJson object at 0x7f5bd682ac90>, <snowplow_tracker.self_describing_json.SelfDescribingJson object at 0x7f5bd6ac2fc0>]}
[0m10:54:15.231148 [debug] [MainThread]: Flushing usage events
